<?xml version="1.0" encoding="UTF-8"?>
<!-- Generated by org.testng.reporters.JUnitXMLReporter -->
<testsuite ignored="3" hostname="DESKTOP-COT2GCT" failures="0" tests="1" name="Default test" time="12.384" errors="0" timestamp="02 Ağu 2019 09:57:08 GMT">
  <testcase classname="tests.TC0001" name="verifyClickLogIn" time="0.009"/>
  <testcase classname="tests.TC0001" name="verifyOpenWebSite" time="0.0">
    <ignored/>
  </testcase> <!-- verifyOpenWebSite -->
  <testcase classname="tests.TC0001" name="verifLogInPage" time="0.0">
    <ignored/>
  </testcase> <!-- verifLogInPage -->
  <testcase classname="tests.TC0001" name="verifyFillEmail" time="0.0">
    <ignored/>
  </testcase> <!-- verifyFillEmail -->
</testsuite> <!-- Default test -->
