<?xml version="1.0" encoding="UTF-8"?>
<testng-results ignored="3" total="4" passed="1" failed="0" skipped="0">
  <reporter-output>
  </reporter-output>
  <suite started-at="2019-08-02T09:56:56Z" name="Default suite" finished-at="2019-08-02T09:57:08Z" duration-ms="12384">
    <groups>
    </groups>
    <test started-at="2019-08-02T09:56:56Z" name="Default test" finished-at="2019-08-02T09:57:08Z" duration-ms="12384">
      <class name="tests.TC0001">
        <test-method is-config="true" signature="setUp()[pri:0, instance:tests.TC0001@2cbb3d47]" started-at="2019-08-02T09:56:56Z" name="setUp" finished-at="2019-08-02T09:57:08Z" duration-ms="12356" status="PASS">
          <reporter-output>
          </reporter-output>
        </test-method> <!-- setUp -->
        <test-method signature="verifyClickLogIn()[pri:4, instance:tests.TC0001@2cbb3d47]" started-at="2019-08-02T09:57:08Z" name="verifyClickLogIn" finished-at="2019-08-02T09:57:08Z" duration-ms="9" status="PASS">
          <reporter-output>
          </reporter-output>
        </test-method> <!-- verifyClickLogIn -->
      </class> <!-- tests.TC0001 -->
    </test> <!-- Default test -->
  </suite> <!-- Default suite -->
</testng-results>
